/usr/bin/python3.11 /home/nexdev/PycharmProjects/algorithm2025/find_liar.py 
错误组合：我拿, 我拿, 我拿，错误信息：无法确定唯一的解，找到 0 个可能解
错误组合：我拿, 我拿, 我没拿，错误信息：无法确定唯一的解，找到 2 个可能解
当大姐说'我拿'，二姐说'我拿'，小妹说'大姐拿'时：
说谎的人: 二姐
拿钱的人: 大姐

当大姐说'我拿'，二姐说'我拿'，小妹说'大姐没拿'时：
说谎的人: 大姐
拿钱的人: 二姐

当大姐说'我拿'，二姐说'我拿'，小妹说'二姐拿'时：
说谎的人: 大姐
拿钱的人: 二姐

当大姐说'我拿'，二姐说'我拿'，小妹说'二姐没拿'时：
说谎的人: 二姐
拿钱的人: 大姐

错误组合：我拿, 我没拿, 我拿，错误信息：无法确定唯一的解，找到 2 个可能解
错误组合：我拿, 我没拿, 我没拿，错误信息：无法确定唯一的解，找到 0 个可能解
错误组合：我拿, 我没拿, 大姐拿，错误信息：无法确定唯一的解，找到 0 个可能解
错误组合：我拿, 我没拿, 大姐没拿，错误信息：无法确定唯一的解，找到 2 个可能解
当大姐说'我拿'，二姐说'我没拿'，小妹说'二姐拿'时：
说谎的人: 小妹
拿钱的人: 大姐

当大姐说'我拿'，二姐说'我没拿'，小妹说'二姐没拿'时：
说谎的人: 大姐
拿钱的人: 小妹

当大姐说'我拿'，二姐说'大姐拿'，小妹说'我拿'时：
说谎的人: 小妹
拿钱的人: 大姐

错误组合：我拿, 大姐拿, 我没拿，错误信息：无法确定唯一的解，找到 0 个可能解
错误组合：我拿, 大姐拿, 大姐拿，错误信息：无法确定唯一的解，找到 0 个可能解
当大姐说'我拿'，二姐说'大姐拿'，小妹说'大姐没拿'时：
说谎的人: 小妹
拿钱的人: 大姐

当大姐说'我拿'，二姐说'大姐拿'，小妹说'二姐拿'时：
说谎的人: 小妹
拿钱的人: 大姐

错误组合：我拿, 大姐拿, 二姐没拿，错误信息：无法确定唯一的解，找到 0 个可能解
当大姐说'我拿'，二姐说'大姐没拿'，小妹说'我拿'时：
说谎的人: 大姐
拿钱的人: 小妹

错误组合：我拿, 大姐没拿, 我没拿，错误信息：无法确定唯一的解，找到 2 个可能解
当大姐说'我拿'，二姐说'大姐没拿'，小妹说'大姐拿'时：
说谎的人: 二姐
拿钱的人: 大姐

错误组合：我拿, 大姐没拿, 大姐没拿，错误信息：无法确定唯一的解，找到 0 个可能解
当大姐说'我拿'，二姐说'大姐没拿'，小妹说'二姐拿'时：
说谎的人: 大姐
拿钱的人: 二姐

错误组合：我拿, 大姐没拿, 二姐没拿，错误信息：无法确定唯一的解，找到 2 个可能解
当大姐说'我拿'，二姐说'小妹拿'，小妹说'我拿'时：
说谎的人: 大姐
拿钱的人: 小妹

当大姐说'我拿'，二姐说'小妹拿'，小妹说'我没拿'时：
说谎的人: 二姐
拿钱的人: 大姐

当大姐说'我拿'，二姐说'小妹拿'，小妹说'大姐拿'时：
说谎的人: 二姐
拿钱的人: 大姐

当大姐说'我拿'，二姐说'小妹拿'，小妹说'大姐没拿'时：
说谎的人: 大姐
拿钱的人: 小妹

错误组合：我拿, 小妹拿, 二姐拿，错误信息：无法确定唯一的解，找到 0 个可能解
错误组合：我拿, 小妹拿, 二姐没拿，错误信息：无法确定唯一的解，找到 2 个可能解
当大姐说'我拿'，二姐说'小妹没拿'，小妹说'我拿'时：
说谎的人: 小妹
拿钱的人: 大姐

当大姐说'我拿'，二姐说'小妹没拿'，小妹说'我没拿'时：
说谎的人: 大姐
拿钱的人: 二姐

错误组合：我拿, 小妹没拿, 大姐拿，错误信息：无法确定唯一的解，找到 0 个可能解
错误组合：我拿, 小妹没拿, 大姐没拿，错误信息：无法确定唯一的解，找到 2 个可能解
错误组合：我拿, 小妹没拿, 二姐拿，错误信息：无法确定唯一的解，找到 2 个可能解
错误组合：我拿, 小妹没拿, 二姐没拿，错误信息：无法确定唯一的解，找到 0 个可能解
错误组合：我没拿, 我拿, 我拿，错误信息：无法确定唯一的解，找到 2 个可能解
错误组合：我没拿, 我拿, 我没拿，错误信息：无法确定唯一的解，找到 0 个可能解
当大姐说'我没拿'，二姐说'我拿'，小妹说'大姐拿'时：
说谎的人: 小妹
拿钱的人: 二姐

当大姐说'我没拿'，二姐说'我拿'，小妹说'大姐没拿'时：
说谎的人: 二姐
拿钱的人: 小妹

错误组合：我没拿, 我拿, 二姐拿，错误信息：无法确定唯一的解，找到 0 个可能解
错误组合：我没拿, 我拿, 二姐没拿，错误信息：无法确定唯一的解，找到 2 个可能解
错误组合：我没拿, 我没拿, 我拿，错误信息：无法确定唯一的解，找到 0 个可能解
错误组合：我没拿, 我没拿, 我没拿，错误信息：无法确定唯一的解，找到 3 个可能解
错误组合：我没拿, 我没拿, 大姐拿，错误信息：无法确定唯一的解，找到 2 个可能解
当大姐说'我没拿'，二姐说'我没拿'，小妹说'大姐没拿'时：
说谎的人: 二姐
拿钱的人: 二姐

错误组合：我没拿, 我没拿, 二姐拿，错误信息：无法确定唯一的解，找到 2 个可能解
当大姐说'我没拿'，二姐说'我没拿'，小妹说'二姐没拿'时：
说谎的人: 大姐
拿钱的人: 大姐

当大姐说'我没拿'，二姐说'大姐拿'，小妹说'我拿'时：
说谎的人: 二姐
拿钱的人: 小妹

错误组合：我没拿, 大姐拿, 我没拿，错误信息：无法确定唯一的解，找到 2 个可能解
当大姐说'我没拿'，二姐说'大姐拿'，小妹说'大姐拿'时：
说谎的人: 大姐
拿钱的人: 大姐

错误组合：我没拿, 大姐拿, 大姐没拿，错误信息：无法确定唯一的解，找到 0 个可能解
当大姐说'我没拿'，二姐说'大姐拿'，小妹说'二姐拿'时：
说谎的人: 二姐
拿钱的人: 二姐

错误组合：我没拿, 大姐拿, 二姐没拿，错误信息：无法确定唯一的解，找到 2 个可能解
当大姐说'我没拿'，二姐说'大姐没拿'，小妹说'我拿'时：
说谎的人: 小妹
拿钱的人: 二姐

当大姐说'我没拿'，二姐说'大姐没拿'，小妹说'我没拿'时：
说谎的人: 小妹
拿钱的人: 小妹

错误组合：我没拿, 大姐没拿, 大姐拿，错误信息：无法确定唯一的解，找到 0 个可能解
错误组合：我没拿, 大姐没拿, 大姐没拿，错误信息：无法确定唯一的解，找到 0 个可能解
当大姐说'我没拿'，二姐说'大姐没拿'，小妹说'二姐拿'时：
说谎的人: 小妹
拿钱的人: 小妹

当大姐说'我没拿'，二姐说'大姐没拿'，小妹说'二姐没拿'时：
说谎的人: 小妹
拿钱的人: 二姐

错误组合：我没拿, 小妹拿, 我拿，错误信息：无法确定唯一的解，找到 0 个可能解
错误组合：我没拿, 小妹拿, 我没拿，错误信息：无法确定唯一的解，找到 2 个可能解
当大姐说'我没拿'，二姐说'小妹拿'，小妹说'大姐拿'时：
说谎的人: 小妹
拿钱的人: 小妹

当大姐说'我没拿'，二姐说'小妹拿'，小妹说'大姐没拿'时：
说谎的人: 二姐
拿钱的人: 二姐

错误组合：我没拿, 小妹拿, 二姐拿，错误信息：无法确定唯一的解，找到 2 个可能解
错误组合：我没拿, 小妹拿, 二姐没拿，错误信息：无法确定唯一的解，找到 0 个可能解
错误组合：我没拿, 小妹没拿, 我拿，错误信息：无法确定唯一的解，找到 2 个可能解
当大姐说'我没拿'，二姐说'小妹没拿'，小妹说'我没拿'时：
说谎的人: 大姐
拿钱的人: 大姐

错误组合：我没拿, 小妹没拿, 大姐拿，错误信息：无法确定唯一的解，找到 2 个可能解
当大姐说'我没拿'，二姐说'小妹没拿'，小妹说'大姐没拿'时：
说谎的人: 二姐
拿钱的人: 小妹

错误组合：我没拿, 小妹没拿, 二姐拿，错误信息：无法确定唯一的解，找到 0 个可能解
错误组合：我没拿, 小妹没拿, 二姐没拿，错误信息：无法确定唯一的解，找到 3 个可能解
当大姐说'二姐拿'，二姐说'我拿'，小妹说'我拿'时：
说谎的人: 小妹
拿钱的人: 二姐

错误组合：二姐拿, 我拿, 我没拿，错误信息：无法确定唯一的解，找到 0 个可能解
当大姐说'二姐拿'，二姐说'我拿'，小妹说'大姐拿'时：
说谎的人: 小妹
拿钱的人: 二姐

错误组合：二姐拿, 我拿, 大姐没拿，错误信息：无法确定唯一的解，找到 0 个可能解
错误组合：二姐拿, 我拿, 二姐拿，错误信息：无法确定唯一的解，找到 0 个可能解
当大姐说'二姐拿'，二姐说'我拿'，小妹说'二姐没拿'时：
说谎的人: 小妹
拿钱的人: 二姐

当大姐说'二姐拿'，二姐说'我没拿'，小妹说'我拿'时：
说谎的人: 大姐
拿钱的人: 小妹

错误组合：二姐拿, 我没拿, 我没拿，错误信息：无法确定唯一的解，找到 2 个可能解
当大姐说'二姐拿'，二姐说'我没拿'，小妹说'大姐拿'时：
说谎的人: 大姐
拿钱的人: 大姐

错误组合：二姐拿, 我没拿, 大姐没拿，错误信息：无法确定唯一的解，找到 2 个可能解
当大姐说'二姐拿'，二姐说'我没拿'，小妹说'二姐拿'时：
说谎的人: 二姐
拿钱的人: 二姐

错误组合：二姐拿, 我没拿, 二姐没拿，错误信息：无法确定唯一的解，找到 0 个可能解
错误组合：二姐拿, 大姐拿, 我拿，错误信息：无法确定唯一的解，找到 0 个可能解
错误组合：二姐拿, 大姐拿, 我没拿，错误信息：无法确定唯一的解，找到 2 个可能解
当大姐说'二姐拿'，二姐说'大姐拿'，小妹说'大姐拿'时：
说谎的人: 大姐
拿钱的人: 大姐

当大姐说'二姐拿'，二姐说'大姐拿'，小妹说'大姐没拿'时：
说谎的人: 二姐
拿钱的人: 二姐

当大姐说'二姐拿'，二姐说'大姐拿'，小妹说'二姐拿'时：
说谎的人: 二姐
拿钱的人: 二姐

当大姐说'二姐拿'，二姐说'大姐拿'，小妹说'二姐没拿'时：
说谎的人: 大姐
拿钱的人: 大姐

错误组合：二姐拿, 大姐没拿, 我拿，错误信息：无法确定唯一的解，找到 2 个可能解
错误组合：二姐拿, 大姐没拿, 我没拿，错误信息：无法确定唯一的解，找到 0 个可能解
当大姐说'二姐拿'，二姐说'大姐没拿'，小妹说'大姐拿'时：
说谎的人: 小妹
拿钱的人: 二姐

当大姐说'二姐拿'，二姐说'大姐没拿'，小妹说'大姐没拿'时：
说谎的人: 大姐
拿钱的人: 小妹

错误组合：二姐拿, 大姐没拿, 二姐拿，错误信息：无法确定唯一的解，找到 0 个可能解
错误组合：二姐拿, 大姐没拿, 二姐没拿，错误信息：无法确定唯一的解，找到 2 个可能解
当大姐说'二姐拿'，二姐说'小妹拿'，小妹说'我拿'时：
说谎的人: 大姐
拿钱的人: 小妹

当大姐说'二姐拿'，二姐说'小妹拿'，小妹说'我没拿'时：
说谎的人: 二姐
拿钱的人: 二姐

错误组合：二姐拿, 小妹拿, 大姐拿，错误信息：无法确定唯一的解，找到 0 个可能解
错误组合：二姐拿, 小妹拿, 大姐没拿，错误信息：无法确定唯一的解，找到 2 个可能解
当大姐说'二姐拿'，二姐说'小妹拿'，小妹说'二姐拿'时：
说谎的人: 二姐
拿钱的人: 二姐

当大姐说'二姐拿'，二姐说'小妹拿'，小妹说'二姐没拿'时：
说谎的人: 大姐
拿钱的人: 小妹

当大姐说'二姐拿'，二姐说'小妹没拿'，小妹说'我拿'时：
说谎的人: 小妹
拿钱的人: 二姐

当大姐说'二姐拿'，二姐说'小妹没拿'，小妹说'我没拿'时：
说谎的人: 大姐
拿钱的人: 大姐

错误组合：二姐拿, 小妹没拿, 大姐拿，错误信息：无法确定唯一的解，找到 2 个可能解
错误组合：二姐拿, 小妹没拿, 大姐没拿，错误信息：无法确定唯一的解，找到 0 个可能解
错误组合：二姐拿, 小妹没拿, 二姐拿，错误信息：无法确定唯一的解，找到 0 个可能解
错误组合：二姐拿, 小妹没拿, 二姐没拿，错误信息：无法确定唯一的解，找到 2 个可能解
当大姐说'二姐没拿'，二姐说'我拿'，小妹说'我拿'时：
说谎的人: 二姐
拿钱的人: 小妹

错误组合：二姐没拿, 我拿, 我没拿，错误信息：无法确定唯一的解，找到 2 个可能解
当大姐说'二姐没拿'，二姐说'我拿'，小妹说'大姐拿'时：
说谎的人: 二姐
拿钱的人: 大姐

错误组合：二姐没拿, 我拿, 大姐没拿，错误信息：无法确定唯一的解，找到 2 个可能解
当大姐说'二姐没拿'，二姐说'我拿'，小妹说'二姐拿'时：
说谎的人: 大姐
拿钱的人: 二姐

错误组合：二姐没拿, 我拿, 二姐没拿，错误信息：无法确定唯一的解，找到 0 个可能解
当大姐说'二姐没拿'，二姐说'我没拿'，小妹说'我拿'时：
说谎的人: 小妹
拿钱的人: 大姐

当大姐说'二姐没拿'，二姐说'我没拿'，小妹说'我没拿'时：
说谎的人: 小妹
拿钱的人: 小妹

当大姐说'二姐没拿'，二姐说'我没拿'，小妹说'大姐拿'时：
说谎的人: 小妹
拿钱的人: 小妹

当大姐说'二姐没拿'，二姐说'我没拿'，小妹说'大姐没拿'时：
说谎的人: 小妹
拿钱的人: 大姐

错误组合：二姐没拿, 我没拿, 二姐拿，错误信息：无法确定唯一的解，找到 0 个可能解
错误组合：二姐没拿, 我没拿, 二姐没拿，错误信息：无法确定唯一的解，找到 0 个可能解
错误组合：二姐没拿, 大姐拿, 我拿，错误信息：无法确定唯一的解，找到 2 个可能解
错误组合：二姐没拿, 大姐拿, 我没拿，错误信息：无法确定唯一的解，找到 0 个可能解
错误组合：二姐没拿, 大姐拿, 大姐拿，错误信息：无法确定唯一的解，找到 0 个可能解
错误组合：二姐没拿, 大姐拿, 大姐没拿，错误信息：无法确定唯一的解，找到 2 个可能解
当大姐说'二姐没拿'，二姐说'大姐拿'，小妹说'二姐拿'时：
说谎的人: 小妹
拿钱的人: 大姐

当大姐说'二姐没拿'，二姐说'大姐拿'，小妹说'二姐没拿'时：
说谎的人: 二姐
拿钱的人: 小妹

错误组合：二姐没拿, 大姐没拿, 我拿，错误信息：无法确定唯一的解，找到 0 个可能解
错误组合：二姐没拿, 大姐没拿, 我没拿，错误信息：无法确定唯一的解，找到 3 个可能解
错误组合：二姐没拿, 大姐没拿, 大姐拿，错误信息：无法确定唯一的解，找到 2 个可能解
当大姐说'二姐没拿'，二姐说'大姐没拿'，小妹说'大姐没拿'时：
说谎的人: 大姐
拿钱的人: 二姐

错误组合：二姐没拿, 大姐没拿, 二姐拿，错误信息：无法确定唯一的解，找到 2 个可能解
当大姐说'二姐没拿'，二姐说'大姐没拿'，小妹说'二姐没拿'时：
说谎的人: 二姐
拿钱的人: 大姐

错误组合：二姐没拿, 小妹拿, 我拿，错误信息：无法确定唯一的解，找到 0 个可能解
错误组合：二姐没拿, 小妹拿, 我没拿，错误信息：无法确定唯一的解，找到 2 个可能解
错误组合：二姐没拿, 小妹拿, 大姐拿，错误信息：无法确定唯一的解，找到 2 个可能解
错误组合：二姐没拿, 小妹拿, 大姐没拿，错误信息：无法确定唯一的解，找到 0 个可能解
当大姐说'二姐没拿'，二姐说'小妹拿'，小妹说'二姐拿'时：
说谎的人: 小妹
拿钱的人: 小妹

当大姐说'二姐没拿'，二姐说'小妹拿'，小妹说'二姐没拿'时：
说谎的人: 二姐
拿钱的人: 大姐

错误组合：二姐没拿, 小妹没拿, 我拿，错误信息：无法确定唯一的解，找到 2 个可能解
当大姐说'二姐没拿'，二姐说'小妹没拿'，小妹说'我没拿'时：
说谎的人: 大姐
拿钱的人: 二姐

错误组合：二姐没拿, 小妹没拿, 大姐拿，错误信息：无法确定唯一的解，找到 0 个可能解
错误组合：二姐没拿, 小妹没拿, 大姐没拿，错误信息：无法确定唯一的解，找到 3 个可能解
错误组合：二姐没拿, 小妹没拿, 二姐拿，错误信息：无法确定唯一的解，找到 2 个可能解
当大姐说'二姐没拿'，二姐说'小妹没拿'，小妹说'二姐没拿'时：
说谎的人: 二姐
拿钱的人: 小妹

当大姐说'小妹拿'，二姐说'我拿'，小妹说'我拿'时：
说谎的人: 二姐
拿钱的人: 小妹

当大姐说'小妹拿'，二姐说'我拿'，小妹说'我没拿'时：
说谎的人: 大姐
拿钱的人: 二姐

错误组合：小妹拿, 我拿, 大姐拿，错误信息：无法确定唯一的解，找到 0 个可能解
错误组合：小妹拿, 我拿, 大姐没拿，错误信息：无法确定唯一的解，找到 2 个可能解
当大姐说'小妹拿'，二姐说'我拿'，小妹说'二姐拿'时：
说谎的人: 大姐
拿钱的人: 二姐

当大姐说'小妹拿'，二姐说'我拿'，小妹说'二姐没拿'时：
说谎的人: 二姐
拿钱的人: 小妹

错误组合：小妹拿, 我没拿, 我拿，错误信息：无法确定唯一的解，找到 0 个可能解
错误组合：小妹拿, 我没拿, 我没拿，错误信息：无法确定唯一的解，找到 2 个可能解
错误组合：小妹拿, 我没拿, 大姐拿，错误信息：无法确定唯一的解，找到 2 个可能解
错误组合：小妹拿, 我没拿, 大姐没拿，错误信息：无法确定唯一的解，找到 0 个可能解
当大姐说'小妹拿'，二姐说'我没拿'，小妹说'二姐拿'时：
说谎的人: 小妹
拿钱的人: 小妹

当大姐说'小妹拿'，二姐说'我没拿'，小妹说'二姐没拿'时：
说谎的人: 大姐
拿钱的人: 大姐

当大姐说'小妹拿'，二姐说'大姐拿'，小妹说'我拿'时：
说谎的人: 二姐
拿钱的人: 小妹

当大姐说'小妹拿'，二姐说'大姐拿'，小妹说'我没拿'时：
说谎的人: 大姐
拿钱的人: 大姐

当大姐说'小妹拿'，二姐说'大姐拿'，小妹说'大姐拿'时：
说谎的人: 大姐
拿钱的人: 大姐

当大姐说'小妹拿'，二姐说'大姐拿'，小妹说'大姐没拿'时：
说谎的人: 二姐
拿钱的人: 小妹

错误组合：小妹拿, 大姐拿, 二姐拿，错误信息：无法确定唯一的解，找到 0 个可能解
错误组合：小妹拿, 大姐拿, 二姐没拿，错误信息：无法确定唯一的解，找到 2 个可能解
错误组合：小妹拿, 大姐没拿, 我拿，错误信息：无法确定唯一的解，找到 0 个可能解
错误组合：小妹拿, 大姐没拿, 我没拿，错误信息：无法确定唯一的解，找到 2 个可能解
当大姐说'小妹拿'，二姐说'大姐没拿'，小妹说'大姐拿'时：
说谎的人: 小妹
拿钱的人: 小妹

当大姐说'小妹拿'，二姐说'大姐没拿'，小妹说'大姐没拿'时：
说谎的人: 大姐
拿钱的人: 二姐

错误组合：小妹拿, 大姐没拿, 二姐拿，错误信息：无法确定唯一的解，找到 2 个可能解
错误组合：小妹拿, 大姐没拿, 二姐没拿，错误信息：无法确定唯一的解，找到 0 个可能解
错误组合：小妹拿, 小妹拿, 我拿，错误信息：无法确定唯一的解，找到 0 个可能解
当大姐说'小妹拿'，二姐说'小妹拿'，小妹说'我没拿'时：
说谎的人: 小妹
拿钱的人: 小妹

当大姐说'小妹拿'，二姐说'小妹拿'，小妹说'大姐拿'时：
说谎的人: 小妹
拿钱的人: 小妹

错误组合：小妹拿, 小妹拿, 大姐没拿，错误信息：无法确定唯一的解，找到 0 个可能解
当大姐说'小妹拿'，二姐说'小妹拿'，小妹说'二姐拿'时：
说谎的人: 小妹
拿钱的人: 小妹

错误组合：小妹拿, 小妹拿, 二姐没拿，错误信息：无法确定唯一的解，找到 0 个可能解
当大姐说'小妹拿'，二姐说'小妹没拿'，小妹说'我拿'时：
说谎的人: 二姐
拿钱的人: 小妹

错误组合：小妹拿, 小妹没拿, 我没拿，错误信息：无法确定唯一的解，找到 0 个可能解
当大姐说'小妹拿'，二姐说'小妹没拿'，小妹说'大姐拿'时：
说谎的人: 大姐
拿钱的人: 大姐

错误组合：小妹拿, 小妹没拿, 大姐没拿，错误信息：无法确定唯一的解，找到 2 个可能解
当大姐说'小妹拿'，二姐说'小妹没拿'，小妹说'二姐拿'时：
说谎的人: 大姐
拿钱的人: 二姐

错误组合：小妹拿, 小妹没拿, 二姐没拿，错误信息：无法确定唯一的解，找到 2 个可能解
当大姐说'小妹没拿'，二姐说'我拿'，小妹说'我拿'时：
说谎的人: 小妹
拿钱的人: 二姐

当大姐说'小妹没拿'，二姐说'我拿'，小妹说'我没拿'时：
说谎的人: 二姐
拿钱的人: 大姐

错误组合：小妹没拿, 我拿, 大姐拿，错误信息：无法确定唯一的解，找到 2 个可能解
错误组合：小妹没拿, 我拿, 大姐没拿，错误信息：无法确定唯一的解，找到 0 个可能解
错误组合：小妹没拿, 我拿, 二姐拿，错误信息：无法确定唯一的解，找到 0 个可能解
错误组合：小妹没拿, 我拿, 二姐没拿，错误信息：无法确定唯一的解，找到 2 个可能解
错误组合：小妹没拿, 我没拿, 我拿，错误信息：无法确定唯一的解，找到 2 个可能解
当大姐说'小妹没拿'，二姐说'我没拿'，小妹说'我没拿'时：
说谎的人: 二姐
拿钱的人: 二姐

错误组合：小妹没拿, 我没拿, 大姐拿，错误信息：无法确定唯一的解，找到 0 个可能解
错误组合：小妹没拿, 我没拿, 大姐没拿，错误信息：无法确定唯一的解，找到 3 个可能解
错误组合：小妹没拿, 我没拿, 二姐拿，错误信息：无法确定唯一的解，找到 2 个可能解
当大姐说'小妹没拿'，二姐说'我没拿'，小妹说'二姐没拿'时：
说谎的人: 大姐
拿钱的人: 小妹

当大姐说'小妹没拿'，二姐说'大姐拿'，小妹说'我拿'时：
说谎的人: 小妹
拿钱的人: 大姐

当大姐说'小妹没拿'，二姐说'大姐拿'，小妹说'我没拿'时：
说谎的人: 二姐
拿钱的人: 二姐

错误组合：小妹没拿, 大姐拿, 大姐拿，错误信息：无法确定唯一的解，找到 0 个可能解
错误组合：小妹没拿, 大姐拿, 大姐没拿，错误信息：无法确定唯一的解，找到 2 个可能解
错误组合：小妹没拿, 大姐拿, 二姐拿，错误信息：无法确定唯一的解，找到 2 个可能解
错误组合：小妹没拿, 大姐拿, 二姐没拿，错误信息：无法确定唯一的解，找到 0 个可能解
错误组合：小妹没拿, 大姐没拿, 我拿，错误信息：无法确定唯一的解，找到 2 个可能解
当大姐说'小妹没拿'，二姐说'大姐没拿'，小妹说'我没拿'时：
说谎的人: 二姐
拿钱的人: 大姐

错误组合：小妹没拿, 大姐没拿, 大姐拿，错误信息：无法确定唯一的解，找到 2 个可能解
当大姐说'小妹没拿'，二姐说'大姐没拿'，小妹说'大姐没拿'时：
说谎的人: 大姐
拿钱的人: 小妹

错误组合：小妹没拿, 大姐没拿, 二姐拿，错误信息：无法确定唯一的解，找到 0 个可能解
错误组合：小妹没拿, 大姐没拿, 二姐没拿，错误信息：无法确定唯一的解，找到 3 个可能解
当大姐说'小妹没拿'，二姐说'小妹拿'，小妹说'我拿'时：
说谎的人: 大姐
拿钱的人: 小妹

错误组合：小妹没拿, 小妹拿, 我没拿，错误信息：无法确定唯一的解，找到 0 个可能解
当大姐说'小妹没拿'，二姐说'小妹拿'，小妹说'大姐拿'时：
说谎的人: 二姐
拿钱的人: 大姐

错误组合：小妹没拿, 小妹拿, 大姐没拿，错误信息：无法确定唯一的解，找到 2 个可能解
当大姐说'小妹没拿'，二姐说'小妹拿'，小妹说'二姐拿'时：
说谎的人: 二姐
拿钱的人: 二姐

错误组合：小妹没拿, 小妹拿, 二姐没拿，错误信息：无法确定唯一的解，找到 2 个可能解
错误组合：小妹没拿, 小妹没拿, 我拿，错误信息：无法确定唯一的解，找到 0 个可能解
错误组合：小妹没拿, 小妹没拿, 我没拿，错误信息：无法确定唯一的解，找到 0 个可能解
当大姐说'小妹没拿'，二姐说'小妹没拿'，小妹说'大姐拿'时：
说谎的人: 小妹
拿钱的人: 二姐

当大姐说'小妹没拿'，二姐说'小妹没拿'，小妹说'大姐没拿'时：
说谎的人: 小妹
拿钱的人: 大姐

当大姐说'小妹没拿'，二姐说'小妹没拿'，小妹说'二姐拿'时：
说谎的人: 小妹
拿钱的人: 大姐

当大姐说'小妹没拿'，二姐说'小妹没拿'，小妹说'二姐没拿'时：
说谎的人: 小妹
拿钱的人: 二姐


Process finished with exit code 0

